This is pdfTeX, Version 3.141592653-2.6-1.40.22 (TeX Live 2021/NixOS.org) (preloaded format=pdflatex 2022.2.10)  18 SEP 2022 17:08
entering extended mode
 restricted \write18 enabled.
 %&-line parsing enabled.
**main.tex
(./main.tex
LaTeX2e <2020-10-01> patch level 4
L3 programming layer <2021-02-18>
(/nix/store/wgzkhxc19ycsvcd3bqk44vyyvyfy59nb-texlive-combined-full-2021.2021040
8/share/texmf/tex/latex/base/article.cls
Document Class: article 2020/04/10 v1.4m Standard LaTeX document class

(/nix/store/wgzkhxc19ycsvcd3bqk44vyyvyfy59nb-texlive-combined-full-2021.2021040
8/share/texmf/tex/latex/base/size10.clo
File: size10.clo 2020/04/10 v1.4m Standard LaTeX file (size option)
)
\c@part=\count179
\c@section=\count180
\c@subsection=\count181
\c@subsubsection=\count182
\c@paragraph=\count183
\c@subparagraph=\count184
\c@figure=\count185
\c@table=\count186
\abovecaptionskip=\skip47
\belowcaptionskip=\skip48
\bibindent=\dimen138
)
(/nix/store/wgzkhxc19ycsvcd3bqk44vyyvyfy59nb-texlive-combined-full-2021.2021040
8/share/texmf/tex/latex/base/inputenc.sty
Package: inputenc 2020/08/01 v1.3d Input encoding file
\inpenc@prehook=\toks15
\inpenc@posthook=\toks16
)
(/nix/store/wgzkhxc19ycsvcd3bqk44vyyvyfy59nb-texlive-combined-full-2021.2021040
8/share/texmf/tex/latex/l3backend/l3backend-pdftex.def
File: l3backend-pdftex.def 2021-03-18 L3 backend support: PDF output (pdfTeX)
\l__color_backend_stack_int=\count187
\l__pdf_internal_box=\box47
) (./main.aux)
\openout1 = `main.aux'.

LaTeX Font Info:    Checking defaults for OML/cmm/m/it on input line 16.
LaTeX Font Info:    ... okay on input line 16.
LaTeX Font Info:    Checking defaults for OMS/cmsy/m/n on input line 16.
LaTeX Font Info:    ... okay on input line 16.
LaTeX Font Info:    Checking defaults for OT1/cmr/m/n on input line 16.
LaTeX Font Info:    ... okay on input line 16.
LaTeX Font Info:    Checking defaults for T1/cmr/m/n on input line 16.
LaTeX Font Info:    ... okay on input line 16.
LaTeX Font Info:    Checking defaults for TS1/cmr/m/n on input line 16.
LaTeX Font Info:    ... okay on input line 16.
LaTeX Font Info:    Checking defaults for OMX/cmex/m/n on input line 16.
LaTeX Font Info:    ... okay on input line 16.
LaTeX Font Info:    Checking defaults for U/cmr/m/n on input line 16.
LaTeX Font Info:    ... okay on input line 16.
LaTeX Font Info:    External font `cmex10' loaded for size
(Font)              <12> on input line 20.
LaTeX Font Info:    External font `cmex10' loaded for size
(Font)              <8> on input line 20.
LaTeX Font Info:    External font `cmex10' loaded for size
(Font)              <6> on input line 20.

Overfull \hbox (30.85457pt too wide) in paragraph at lines 20--20
 [][] 
 []


Underfull \hbox (badness 10000) in paragraph at lines 25--28

 []


Overfull \hbox (13.90425pt too wide) in paragraph at lines 25--28
\OT1/cmr/bx/n/10 Palabras clave: \OT1/cmr/m/n/10 In-dus-tria 4.0, re-conocimien
to de pa-trones, De-for-maci^^Son Din^^Samica
 []


Overfull \hbox (5.52838pt too wide) in paragraph at lines 31--46
\OT1/cmr/m/n/10 Y, en se-gundo lu-gar, hay un l^^S^^Pmite para la pre-cisi^^Son
 del pro-ceso de re-conocimiento.
 []


Overfull \hbox (0.36171pt too wide) in paragraph at lines 31--46
\OT1/cmr/m/n/10 situaci^^Son, se de-ber^^S^^Pa con-sid-erar un menor n^^Sumero 
de vari-ables, pero esto tambi^^Sen
 []

[1

{/nix/store/wgzkhxc19ycsvcd3bqk44vyyvyfy59nb-texlive-combined-full-2021.2021040
8/share/texmf-var/fonts/map/pdftex/updmap/pdftex.map}] [2] [3] (./main.aux) ) 
Here is how much of TeX's memory you used:
 435 strings out of 478994
 8077 string characters out of 5829509
 304519 words of memory out of 5000000
 17988 multiletter control sequences out of 15000+600000
 407992 words of font info for 42 fonts, out of 8000000 for 9000
 1141 hyphenation exceptions out of 8191
 44i,7n,50p,1666b,203s stack positions out of 5000i,500n,10000p,200000b,80000s
</
nix/store/wgzkhxc19ycsvcd3bqk44vyyvyfy59nb-texlive-combined-full-2021.20210408/
share/texmf/fonts/type1/public/amsfonts/cm/cmbx10.pfb></nix/store/wgzkhxc19ycsv
cd3bqk44vyyvyfy59nb-texlive-combined-full-2021.20210408/share/texmf/fonts/type1
/public/amsfonts/cm/cmbx12.pfb></nix/store/wgzkhxc19ycsvcd3bqk44vyyvyfy59nb-tex
live-combined-full-2021.20210408/share/texmf/fonts/type1/public/amsfonts/cm/cmr
10.pfb></nix/store/wgzkhxc19ycsvcd3bqk44vyyvyfy59nb-texlive-combined-full-2021.
20210408/share/texmf/fonts/type1/public/amsfonts/cm/cmr12.pfb></nix/store/wgzkh
xc19ycsvcd3bqk44vyyvyfy59nb-texlive-combined-full-2021.20210408/share/texmf/fon
ts/type1/public/amsfonts/cm/cmr8.pfb>
Output written on main.pdf (3 pages, 72515 bytes).
PDF statistics:
 34 PDF objects out of 1000 (max. 8388607)
 23 compressed objects within 1 object stream
 0 named destinations out of 1000 (max. 500000)
 1 words of extra memory for PDF output out of 10000 (max. 10000000)

